[08-Jun-2023 17:00:47 UTC] PHP Warning:  Undefined array key "Upic" in D:\shareALL\profile.php on line 49
[08-Jun-2023 17:00:47 UTC] PHP Warning:  Undefined array key "Uname" in D:\shareALL\profile.php on line 53
[08-Jun-2023 17:00:47 UTC] PHP Warning:  Undefined array key "Ucontact" in D:\shareALL\profile.php on line 54
[08-Jun-2023 17:00:47 UTC] PHP Warning:  Undefined array key "Ulocation" in D:\shareALL\profile.php on line 55
[08-Jun-2023 17:00:47 UTC] PHP Warning:  Undefined array key "Ulocation2" in D:\shareALL\profile.php on line 56
[08-Jun-2023 17:00:47 UTC] PHP Warning:  Undefined array key "Uname" in D:\shareALL\profile.php on line 61
[08-Jun-2023 17:00:47 UTC] PHP Warning:  Undefined array key "Ucontact" in D:\shareALL\profile.php on line 62
[08-Jun-2023 17:00:47 UTC] PHP Warning:  Undefined array key "Ulocation" in D:\shareALL\profile.php on line 63
[08-Jun-2023 17:00:47 UTC] PHP Warning:  Undefined array key "Ulocation2" in D:\shareALL\profile.php on line 64
[08-Jun-2023 17:00:47 UTC] PHP Warning:  Undefined array key "Uemail" in D:\shareALL\profile.php on line 93
[08-Jun-2023 17:00:47 UTC] PHP Warning:  Undefined array key "Uemail" in D:\shareALL\profile.php on line 145
[08-Jun-2023 17:09:41 UTC] PHP Fatal error:  Uncaught mysqli_sql_exception: You have an error in your SQL syntax; check the manual that corresponds to your MySQL server version for the right syntax to use near ''Upic = 'uploads/User/manjulsharma760@gmail.com/profile.png' ,Ulocation = 'Kathm' at line 4 in D:\shareALL\php\Classes.php:132
Stack trace:
#0 D:\shareALL\php\Classes.php(132): mysqli->query('Update Users \r\n...')
#1 D:\shareALL\profile.php(20): User->Edit('manjulsharma760...', 'Manjul S ', 'Kathmandu Nepal...', 'known town  ', '9845685642  ', Array)
#2 {main}
  thrown in D:\shareALL\php\Classes.php on line 132
[08-Jun-2023 17:12:41 UTC] PHP Warning:  Undefined array key "Upic" in D:\shareALL\profile.php on line 49
[08-Jun-2023 17:12:41 UTC] PHP Warning:  Undefined array key "Uname" in D:\shareALL\profile.php on line 53
[08-Jun-2023 17:12:41 UTC] PHP Warning:  Undefined array key "Ucontact" in D:\shareALL\profile.php on line 54
[08-Jun-2023 17:12:41 UTC] PHP Warning:  Undefined array key "Ulocation" in D:\shareALL\profile.php on line 55
[08-Jun-2023 17:12:41 UTC] PHP Warning:  Undefined array key "Ulocation2" in D:\shareALL\profile.php on line 56
[08-Jun-2023 17:12:41 UTC] PHP Warning:  Undefined array key "Uname" in D:\shareALL\profile.php on line 61
[08-Jun-2023 17:12:41 UTC] PHP Warning:  Undefined array key "Ucontact" in D:\shareALL\profile.php on line 62
[08-Jun-2023 17:12:41 UTC] PHP Warning:  Undefined array key "Ulocation" in D:\shareALL\profile.php on line 63
[08-Jun-2023 17:12:41 UTC] PHP Warning:  Undefined array key "Ulocation2" in D:\shareALL\profile.php on line 64
[08-Jun-2023 17:12:41 UTC] PHP Warning:  Undefined array key "Uemail" in D:\shareALL\profile.php on line 93
[08-Jun-2023 17:12:41 UTC] PHP Warning:  Undefined array key "Uemail" in D:\shareALL\profile.php on line 145
[08-Jun-2023 17:15:58 UTC] PHP Warning:  Undefined array key "Upic" in D:\shareALL\profile.php on line 49
[08-Jun-2023 17:15:58 UTC] PHP Warning:  Undefined array key "Uname" in D:\shareALL\profile.php on line 53
[08-Jun-2023 17:15:58 UTC] PHP Warning:  Undefined array key "Ucontact" in D:\shareALL\profile.php on line 54
[08-Jun-2023 17:15:58 UTC] PHP Warning:  Undefined array key "Ulocation" in D:\shareALL\profile.php on line 55
[08-Jun-2023 17:15:58 UTC] PHP Warning:  Undefined array key "Ulocation2" in D:\shareALL\profile.php on line 56
[08-Jun-2023 17:15:58 UTC] PHP Warning:  Undefined array key "Uname" in D:\shareALL\profile.php on line 61
[08-Jun-2023 17:15:58 UTC] PHP Warning:  Undefined array key "Ucontact" in D:\shareALL\profile.php on line 62
[08-Jun-2023 17:15:58 UTC] PHP Warning:  Undefined array key "Ulocation" in D:\shareALL\profile.php on line 63
[08-Jun-2023 17:15:58 UTC] PHP Warning:  Undefined array key "Ulocation2" in D:\shareALL\profile.php on line 64
[08-Jun-2023 17:15:58 UTC] PHP Warning:  Undefined array key "Uemail" in D:\shareALL\profile.php on line 93
[08-Jun-2023 17:15:58 UTC] PHP Warning:  Undefined array key "Uemail" in D:\shareALL\profile.php on line 145
[12-Jun-2023 03:26:49 UTC] PHP Warning:  Undefined array key "Upic" in D:\shareALL\profile.php on line 49
[12-Jun-2023 03:26:49 UTC] PHP Warning:  Undefined array key "Uname" in D:\shareALL\profile.php on line 53
[12-Jun-2023 03:26:49 UTC] PHP Warning:  Undefined array key "Ucontact" in D:\shareALL\profile.php on line 54
[12-Jun-2023 03:26:49 UTC] PHP Warning:  Undefined array key "Ulocation" in D:\shareALL\profile.php on line 55
[12-Jun-2023 03:26:49 UTC] PHP Warning:  Undefined array key "Ulocation2" in D:\shareALL\profile.php on line 56
[12-Jun-2023 03:26:49 UTC] PHP Warning:  Undefined array key "Uname" in D:\shareALL\profile.php on line 61
[12-Jun-2023 03:26:49 UTC] PHP Warning:  Undefined array key "Ucontact" in D:\shareALL\profile.php on line 62
[12-Jun-2023 03:26:49 UTC] PHP Warning:  Undefined array key "Ulocation" in D:\shareALL\profile.php on line 63
[12-Jun-2023 03:26:49 UTC] PHP Warning:  Undefined array key "Ulocation2" in D:\shareALL\profile.php on line 64
[12-Jun-2023 03:26:49 UTC] PHP Warning:  Undefined array key "Uemail" in D:\shareALL\profile.php on line 93
[12-Jun-2023 03:26:49 UTC] PHP Warning:  Undefined array key "Uemail" in D:\shareALL\profile.php on line 145
[12-Jun-2023 03:28:06 UTC] PHP Warning:  Undefined array key "Upic" in D:\shareALL\profile.php on line 49
[12-Jun-2023 03:28:06 UTC] PHP Warning:  Undefined array key "Uname" in D:\shareALL\profile.php on line 53
[12-Jun-2023 03:28:06 UTC] PHP Warning:  Undefined array key "Ucontact" in D:\shareALL\profile.php on line 54
[12-Jun-2023 03:28:06 UTC] PHP Warning:  Undefined array key "Ulocation" in D:\shareALL\profile.php on line 55
[12-Jun-2023 03:28:06 UTC] PHP Warning:  Undefined array key "Ulocation2" in D:\shareALL\profile.php on line 56
[12-Jun-2023 03:28:06 UTC] PHP Warning:  Undefined array key "Uname" in D:\shareALL\profile.php on line 61
[12-Jun-2023 03:28:06 UTC] PHP Warning:  Undefined array key "Ucontact" in D:\shareALL\profile.php on line 62
[12-Jun-2023 03:28:06 UTC] PHP Warning:  Undefined array key "Ulocation" in D:\shareALL\profile.php on line 63
[12-Jun-2023 03:28:06 UTC] PHP Warning:  Undefined array key "Ulocation2" in D:\shareALL\profile.php on line 64
[12-Jun-2023 03:28:06 UTC] PHP Warning:  Undefined array key "Uemail" in D:\shareALL\profile.php on line 93
[12-Jun-2023 03:28:06 UTC] PHP Warning:  Undefined array key "Uemail" in D:\shareALL\profile.php on line 145
[12-Jun-2023 03:36:40 UTC] PHP Warning:  Undefined array key "Upic" in D:\shareALL\profile.php on line 49
[12-Jun-2023 03:36:40 UTC] PHP Warning:  Undefined array key "Uname" in D:\shareALL\profile.php on line 53
[12-Jun-2023 03:36:40 UTC] PHP Warning:  Undefined array key "Ucontact" in D:\shareALL\profile.php on line 54
[12-Jun-2023 03:36:40 UTC] PHP Warning:  Undefined array key "Ulocation" in D:\shareALL\profile.php on line 55
[12-Jun-2023 03:36:40 UTC] PHP Warning:  Undefined array key "Ulocation2" in D:\shareALL\profile.php on line 56
[12-Jun-2023 03:36:40 UTC] PHP Warning:  Undefined array key "Uname" in D:\shareALL\profile.php on line 61
[12-Jun-2023 03:36:40 UTC] PHP Warning:  Undefined array key "Ucontact" in D:\shareALL\profile.php on line 62
[12-Jun-2023 03:36:40 UTC] PHP Warning:  Undefined array key "Ulocation" in D:\shareALL\profile.php on line 63
[12-Jun-2023 03:36:40 UTC] PHP Warning:  Undefined array key "Ulocation2" in D:\shareALL\profile.php on line 64
[12-Jun-2023 03:36:40 UTC] PHP Warning:  Undefined array key "Uemail" in D:\shareALL\profile.php on line 93
[12-Jun-2023 03:36:40 UTC] PHP Warning:  Undefined array key "Uemail" in D:\shareALL\profile.php on line 145
[12-Jun-2023 03:39:21 UTC] PHP Warning:  Undefined array key "Upic" in D:\shareALL\profile.php on line 49
[12-Jun-2023 03:39:21 UTC] PHP Warning:  Undefined array key "Uname" in D:\shareALL\profile.php on line 53
[12-Jun-2023 03:39:21 UTC] PHP Warning:  Undefined array key "Ucontact" in D:\shareALL\profile.php on line 54
[12-Jun-2023 03:39:21 UTC] PHP Warning:  Undefined array key "Ulocation" in D:\shareALL\profile.php on line 55
[12-Jun-2023 03:39:21 UTC] PHP Warning:  Undefined array key "Ulocation2" in D:\shareALL\profile.php on line 56
[12-Jun-2023 03:39:21 UTC] PHP Warning:  Undefined array key "Uname" in D:\shareALL\profile.php on line 61
[12-Jun-2023 03:39:21 UTC] PHP Warning:  Undefined array key "Ucontact" in D:\shareALL\profile.php on line 62
[12-Jun-2023 03:39:21 UTC] PHP Warning:  Undefined array key "Ulocation" in D:\shareALL\profile.php on line 63
[12-Jun-2023 03:39:21 UTC] PHP Warning:  Undefined array key "Ulocation2" in D:\shareALL\profile.php on line 64
[12-Jun-2023 03:39:21 UTC] PHP Warning:  Undefined array key "Uemail" in D:\shareALL\profile.php on line 93
[12-Jun-2023 03:39:21 UTC] PHP Warning:  Undefined array key "Uemail" in D:\shareALL\profile.php on line 145
[12-Jun-2023 03:50:48 UTC] PHP Warning:  Undefined array key "Upic" in D:\shareALL\profile.php on line 49
[12-Jun-2023 03:50:48 UTC] PHP Warning:  Undefined array key "Uname" in D:\shareALL\profile.php on line 53
[12-Jun-2023 03:50:48 UTC] PHP Warning:  Undefined array key "Ucontact" in D:\shareALL\profile.php on line 54
[12-Jun-2023 03:50:48 UTC] PHP Warning:  Undefined array key "Ulocation" in D:\shareALL\profile.php on line 55
[12-Jun-2023 03:50:48 UTC] PHP Warning:  Undefined array key "Ulocation2" in D:\shareALL\profile.php on line 56
[12-Jun-2023 03:50:48 UTC] PHP Warning:  Undefined array key "Uname" in D:\shareALL\profile.php on line 61
[12-Jun-2023 03:50:48 UTC] PHP Warning:  Undefined array key "Ucontact" in D:\shareALL\profile.php on line 62
[12-Jun-2023 03:50:48 UTC] PHP Warning:  Undefined array key "Ulocation" in D:\shareALL\profile.php on line 63
[12-Jun-2023 03:50:48 UTC] PHP Warning:  Undefined array key "Ulocation2" in D:\shareALL\profile.php on line 64
[12-Jun-2023 03:50:48 UTC] PHP Warning:  Undefined array key "Uemail" in D:\shareALL\profile.php on line 93
[12-Jun-2023 03:50:48 UTC] PHP Warning:  Undefined array key "Uemail" in D:\shareALL\profile.php on line 145
[12-Jun-2023 03:54:09 UTC] PHP Warning:  Undefined array key "Upic" in D:\shareALL\profile.php on line 49
[12-Jun-2023 03:54:09 UTC] PHP Warning:  Undefined array key "Uname" in D:\shareALL\profile.php on line 53
[12-Jun-2023 03:54:09 UTC] PHP Warning:  Undefined array key "Ucontact" in D:\shareALL\profile.php on line 54
[12-Jun-2023 03:54:09 UTC] PHP Warning:  Undefined array key "Ulocation" in D:\shareALL\profile.php on line 55
[12-Jun-2023 03:54:09 UTC] PHP Warning:  Undefined array key "Ulocation2" in D:\shareALL\profile.php on line 56
[12-Jun-2023 03:54:09 UTC] PHP Warning:  Undefined array key "Uname" in D:\shareALL\profile.php on line 61
[12-Jun-2023 03:54:09 UTC] PHP Warning:  Undefined array key "Ucontact" in D:\shareALL\profile.php on line 62
[12-Jun-2023 03:54:09 UTC] PHP Warning:  Undefined array key "Ulocation" in D:\shareALL\profile.php on line 63
[12-Jun-2023 03:54:09 UTC] PHP Warning:  Undefined array key "Ulocation2" in D:\shareALL\profile.php on line 64
[12-Jun-2023 03:54:09 UTC] PHP Warning:  Undefined array key "Uemail" in D:\shareALL\profile.php on line 93
[12-Jun-2023 03:54:09 UTC] PHP Warning:  Undefined array key "Uemail" in D:\shareALL\profile.php on line 145
[12-Jun-2023 03:56:50 UTC] PHP Warning:  Undefined array key "Upic" in D:\shareALL\profile.php on line 49
[12-Jun-2023 03:56:50 UTC] PHP Warning:  Undefined array key "Uname" in D:\shareALL\profile.php on line 53
[12-Jun-2023 03:56:50 UTC] PHP Warning:  Undefined array key "Ucontact" in D:\shareALL\profile.php on line 54
[12-Jun-2023 03:56:50 UTC] PHP Warning:  Undefined array key "Ulocation" in D:\shareALL\profile.php on line 55
[12-Jun-2023 03:56:50 UTC] PHP Warning:  Undefined array key "Ulocation2" in D:\shareALL\profile.php on line 56
[12-Jun-2023 03:56:50 UTC] PHP Warning:  Undefined array key "Uname" in D:\shareALL\profile.php on line 61
[12-Jun-2023 03:56:50 UTC] PHP Warning:  Undefined array key "Ucontact" in D:\shareALL\profile.php on line 62
[12-Jun-2023 03:56:50 UTC] PHP Warning:  Undefined array key "Ulocation" in D:\shareALL\profile.php on line 63
[12-Jun-2023 03:56:50 UTC] PHP Warning:  Undefined array key "Ulocation2" in D:\shareALL\profile.php on line 64
[12-Jun-2023 03:56:50 UTC] PHP Warning:  Undefined array key "Uemail" in D:\shareALL\profile.php on line 93
[12-Jun-2023 03:56:50 UTC] PHP Warning:  Undefined array key "Uemail" in D:\shareALL\profile.php on line 145
[12-Jun-2023 03:57:19 UTC] PHP Warning:  Undefined array key "Upic" in D:\shareALL\profile.php on line 49
[12-Jun-2023 03:57:19 UTC] PHP Warning:  Undefined array key "Uname" in D:\shareALL\profile.php on line 53
[12-Jun-2023 03:57:19 UTC] PHP Warning:  Undefined array key "Ucontact" in D:\shareALL\profile.php on line 54
[12-Jun-2023 03:57:19 UTC] PHP Warning:  Undefined array key "Ulocation" in D:\shareALL\profile.php on line 55
[12-Jun-2023 03:57:19 UTC] PHP Warning:  Undefined array key "Ulocation2" in D:\shareALL\profile.php on line 56
[12-Jun-2023 03:57:19 UTC] PHP Warning:  Undefined array key "Uname" in D:\shareALL\profile.php on line 61
[12-Jun-2023 03:57:19 UTC] PHP Warning:  Undefined array key "Ucontact" in D:\shareALL\profile.php on line 62
[12-Jun-2023 03:57:19 UTC] PHP Warning:  Undefined array key "Ulocation" in D:\shareALL\profile.php on line 63
[12-Jun-2023 03:57:19 UTC] PHP Warning:  Undefined array key "Ulocation2" in D:\shareALL\profile.php on line 64
[12-Jun-2023 03:57:19 UTC] PHP Warning:  Undefined array key "Uemail" in D:\shareALL\profile.php on line 93
[12-Jun-2023 03:57:19 UTC] PHP Warning:  Undefined array key "Uemail" in D:\shareALL\profile.php on line 145
[17-Sep-2023 04:31:08 UTC] PHP Fatal error:  Uncaught mysqli_sql_exception: Unknown database 'shareall' in D:\shareALL\php\Classes.php:4
Stack trace:
#0 D:\shareALL\php\Classes.php(4): mysqli->__construct('localhost', 'root', Object(SensitiveParameterValue), 'Shareall')
#1 D:\shareALL\index.php(2): require('D:\\shareALL\\php...')
#2 {main}
  thrown in D:\shareALL\php\Classes.php on line 4
[23-Sep-2023 12:19:53 UTC] PHP Fatal error:  Uncaught mysqli_sql_exception: Unknown database 'shareall' in D:\shareALL\php\Classes.php:4
Stack trace:
#0 D:\shareALL\php\Classes.php(4): mysqli->__construct('localhost', 'root', Object(SensitiveParameterValue), 'Shareall')
#1 D:\shareALL\index.php(2): require('D:\\shareALL\\php...')
#2 {main}
  thrown in D:\shareALL\php\Classes.php on line 4
[23-Sep-2023 13:38:38 UTC] PHP Fatal error:  Uncaught mysqli_sql_exception: Unknown database 'shareall' in D:\shareALL\php\Classes.php:4
Stack trace:
#0 D:\shareALL\php\Classes.php(4): mysqli->__construct('localhost', 'root', Object(SensitiveParameterValue), 'Shareall')
#1 D:\shareALL\index.php(2): require('D:\\shareALL\\php...')
#2 {main}
  thrown in D:\shareALL\php\Classes.php on line 4
[23-Sep-2023 13:39:01 UTC] PHP Fatal error:  Uncaught mysqli_sql_exception: Unknown database 'shareall' in D:\shareALL\php\Classes.php:4
Stack trace:
#0 D:\shareALL\php\Classes.php(4): mysqli->__construct('localhost', 'root', Object(SensitiveParameterValue), 'Shareall')
#1 D:\shareALL\index.php(2): require('D:\\shareALL\\php...')
#2 {main}
  thrown in D:\shareALL\php\Classes.php on line 4
[23-Sep-2023 13:39:04 UTC] PHP Fatal error:  Uncaught mysqli_sql_exception: Unknown database 'shareall' in D:\shareALL\php\Classes.php:4
Stack trace:
#0 D:\shareALL\php\Classes.php(4): mysqli->__construct('localhost', 'root', Object(SensitiveParameterValue), 'Shareall')
#1 D:\shareALL\index.php(2): require('D:\\shareALL\\php...')
#2 {main}
  thrown in D:\shareALL\php\Classes.php on line 4
[23-Sep-2023 13:39:19 UTC] PHP Fatal error:  Uncaught mysqli_sql_exception: Unknown database 'shareall' in D:\shareALL\php\Classes.php:4
Stack trace:
#0 D:\shareALL\php\Classes.php(4): mysqli->__construct('localhost', 'root', Object(SensitiveParameterValue), 'Shareall')
#1 D:\shareALL\index.php(2): require('D:\\shareALL\\php...')
#2 {main}
  thrown in D:\shareALL\php\Classes.php on line 4
[23-Sep-2023 13:39:50 UTC] PHP Fatal error:  Uncaught mysqli_sql_exception: Unknown database 'shareall' in D:\shareALL\php\Classes.php:4
Stack trace:
#0 D:\shareALL\php\Classes.php(4): mysqli->__construct('localhost', 'root', Object(SensitiveParameterValue), 'Shareall')
#1 D:\shareALL\index.php(2): require('D:\\shareALL\\php...')
#2 {main}
  thrown in D:\shareALL\php\Classes.php on line 4
[23-Sep-2023 14:02:08 UTC] PHP Warning:  Undefined array key "Upic" in D:\shareALL\profile.php on line 49
[23-Sep-2023 14:02:08 UTC] PHP Warning:  Undefined array key "Uname" in D:\shareALL\profile.php on line 53
[23-Sep-2023 14:02:08 UTC] PHP Warning:  Undefined array key "Ucontact" in D:\shareALL\profile.php on line 54
[23-Sep-2023 14:02:08 UTC] PHP Warning:  Undefined array key "Ulocation" in D:\shareALL\profile.php on line 55
[23-Sep-2023 14:02:08 UTC] PHP Warning:  Undefined array key "Ulocation2" in D:\shareALL\profile.php on line 56
[23-Sep-2023 14:02:08 UTC] PHP Warning:  Undefined array key "Uname" in D:\shareALL\profile.php on line 61
[23-Sep-2023 14:02:08 UTC] PHP Warning:  Undefined array key "Ucontact" in D:\shareALL\profile.php on line 62
[23-Sep-2023 14:02:08 UTC] PHP Warning:  Undefined array key "Ulocation" in D:\shareALL\profile.php on line 63
[23-Sep-2023 14:02:08 UTC] PHP Warning:  Undefined array key "Ulocation2" in D:\shareALL\profile.php on line 64
[23-Sep-2023 14:02:08 UTC] PHP Warning:  Undefined array key "Uemail" in D:\shareALL\profile.php on line 93
[23-Sep-2023 14:02:08 UTC] PHP Warning:  Undefined array key "Uemail" in D:\shareALL\profile.php on line 145
[20-Jan-2024 06:32:19 UTC] PHP Fatal error:  Uncaught mysqli_sql_exception: Unknown database 'shareall' in D:\shareALL\php\Classes.php:4
Stack trace:
#0 D:\shareALL\php\Classes.php(4): mysqli->__construct('localhost', 'root', Object(SensitiveParameterValue), 'Shareall')
#1 D:\shareALL\index.php(2): require('D:\\shareALL\\php...')
#2 {main}
  thrown in D:\shareALL\php\Classes.php on line 4
[20-Jan-2024 06:40:17 UTC] PHP Notice:  session_start(): ps_files_cleanup_dir: opendir(C:\WINDOWS\TEMP) failed: No error (0) in D:\shareALL\php\Classes.php on line 2
[20-Jan-2024 06:40:29 UTC] PHP Warning:  Undefined array key "Upic" in D:\shareALL\profile.php on line 49
[20-Jan-2024 06:40:29 UTC] PHP Warning:  Undefined array key "Uname" in D:\shareALL\profile.php on line 53
[20-Jan-2024 06:40:29 UTC] PHP Warning:  Undefined array key "Ucontact" in D:\shareALL\profile.php on line 54
[20-Jan-2024 06:40:29 UTC] PHP Warning:  Undefined array key "Ulocation" in D:\shareALL\profile.php on line 55
[20-Jan-2024 06:40:29 UTC] PHP Warning:  Undefined array key "Ulocation2" in D:\shareALL\profile.php on line 56
[20-Jan-2024 06:40:29 UTC] PHP Warning:  Undefined array key "Uname" in D:\shareALL\profile.php on line 61
[20-Jan-2024 06:40:29 UTC] PHP Warning:  Undefined array key "Ucontact" in D:\shareALL\profile.php on line 62
[20-Jan-2024 06:40:29 UTC] PHP Warning:  Undefined array key "Ulocation" in D:\shareALL\profile.php on line 63
[20-Jan-2024 06:40:29 UTC] PHP Warning:  Undefined array key "Ulocation2" in D:\shareALL\profile.php on line 64
[20-Jan-2024 06:40:29 UTC] PHP Warning:  Undefined array key "Uemail" in D:\shareALL\profile.php on line 93
[20-Jan-2024 06:40:29 UTC] PHP Warning:  Undefined array key "Uemail" in D:\shareALL\profile.php on line 145
[20-Jan-2024 06:41:33 UTC] PHP Warning:  Undefined array key "Upic" in D:\shareALL\profile.php on line 49
[20-Jan-2024 06:41:33 UTC] PHP Warning:  Undefined array key "Uname" in D:\shareALL\profile.php on line 53
[20-Jan-2024 06:41:33 UTC] PHP Warning:  Undefined array key "Ucontact" in D:\shareALL\profile.php on line 54
[20-Jan-2024 06:41:33 UTC] PHP Warning:  Undefined array key "Ulocation" in D:\shareALL\profile.php on line 55
[20-Jan-2024 06:41:33 UTC] PHP Warning:  Undefined array key "Ulocation2" in D:\shareALL\profile.php on line 56
[20-Jan-2024 06:41:33 UTC] PHP Warning:  Undefined array key "Uname" in D:\shareALL\profile.php on line 61
[20-Jan-2024 06:41:33 UTC] PHP Warning:  Undefined array key "Ucontact" in D:\shareALL\profile.php on line 62
[20-Jan-2024 06:41:33 UTC] PHP Warning:  Undefined array key "Ulocation" in D:\shareALL\profile.php on line 63
[20-Jan-2024 06:41:33 UTC] PHP Warning:  Undefined array key "Ulocation2" in D:\shareALL\profile.php on line 64
[20-Jan-2024 06:41:33 UTC] PHP Warning:  Undefined array key "Uemail" in D:\shareALL\profile.php on line 93
[20-Jan-2024 06:41:33 UTC] PHP Warning:  Undefined array key "Uemail" in D:\shareALL\profile.php on line 145
[20-Jan-2024 06:57:06 UTC] PHP Warning:  Undefined array key "Upic" in D:\shareALL\profile.php on line 49
[20-Jan-2024 06:57:06 UTC] PHP Warning:  Undefined array key "Uname" in D:\shareALL\profile.php on line 53
[20-Jan-2024 06:57:06 UTC] PHP Warning:  Undefined array key "Ucontact" in D:\shareALL\profile.php on line 54
[20-Jan-2024 06:57:06 UTC] PHP Warning:  Undefined array key "Ulocation" in D:\shareALL\profile.php on line 55
[20-Jan-2024 06:57:06 UTC] PHP Warning:  Undefined array key "Ulocation2" in D:\shareALL\profile.php on line 56
[20-Jan-2024 06:57:06 UTC] PHP Warning:  Undefined array key "Uname" in D:\shareALL\profile.php on line 61
[20-Jan-2024 06:57:06 UTC] PHP Warning:  Undefined array key "Ucontact" in D:\shareALL\profile.php on line 62
[20-Jan-2024 06:57:06 UTC] PHP Warning:  Undefined array key "Ulocation" in D:\shareALL\profile.php on line 63
[20-Jan-2024 06:57:06 UTC] PHP Warning:  Undefined array key "Ulocation2" in D:\shareALL\profile.php on line 64
[20-Jan-2024 06:57:06 UTC] PHP Warning:  Undefined array key "Uemail" in D:\shareALL\profile.php on line 93
[20-Jan-2024 06:57:06 UTC] PHP Warning:  Undefined array key "Uemail" in D:\shareALL\profile.php on line 145
